<?xml version="1.0" encoding="UTF-8"?>
<testsuite xmlns:xsi="http://www.w3.org/2001/XMLSchema-instance" xsi:noNamespaceSchemaLocation="https://maven.apache.org/surefire/maven-surefire-plugin/xsd/surefire-test-report-3.0.xsd" version="3.0" name="com.ors.testing.user.UserApiIntegrationTest" time="3.951" tests="1" errors="1" skipped="0" failures="0">
  <properties>
[...]
</properties>
  <testcase name="" classname="com.ors.testing.user.UserApiIntegrationTest" time="3.951">
    <error message="Can&apos;t get Docker image: RemoteDockerImage(imageName=testcontainers/ryuk:0.7.0, imagePullPolicy=DefaultPullPolicy(), imageNameSubstitutor=org.testcontainers.utility.ImageNameSubstitutor$LogWrappedImageNameSubstitutor@41beb473)" type="org.testcontainers.containers.ContainerFetchException"><![CDATA[org.testcontainers.containers.ContainerFetchException: Can't get Docker image: RemoteDockerImage(imageName=testcontainers/ryuk:0.7.0, imagePullPolicy=DefaultPullPolicy(), imageNameSubstitutor=org.testcontainers.utility.ImageNameSubstitutor$LogWrappedImageNameSubstitutor@41beb473)
	at org.testcontainers.containers.GenericContainer.getDockerImageName(GenericContainer.java:1364)
	at org.testcontainers.containers.GenericContainer.doStart(GenericContainer.java:359)
	at org.testcontainers.containers.GenericContainer.start(GenericContainer.java:330)
	at org.testcontainers.utility.RyukResourceReaper.maybeStart(RyukResourceReaper.java:78)
	at org.testcontainers.utility.RyukResourceReaper.init(RyukResourceReaper.java:42)
	at org.testcontainers.DockerClientFactory.client(DockerClientFactory.java:232)
	at org.testcontainers.DockerClientFactory$1.getDockerClient(DockerClientFactory.java:106)
	at com.github.dockerjava.api.DockerClientDelegate.authConfig(DockerClientDelegate.java:109)
	at org.testcontainers.containers.GenericContainer.start(GenericContainer.java:329)
	at org.testcontainers.junit.jupiter.TestcontainersExtension$StoreAdapter.start(TestcontainersExtension.java:280)
	at org.testcontainers.junit.jupiter.TestcontainersExtension$StoreAdapter.access$200(TestcontainersExtension.java:267)
	at org.testcontainers.junit.jupiter.TestcontainersExtension.lambda$null$4(TestcontainersExtension.java:82)
	at org.testcontainers.junit.jupiter.TestcontainersExtension.lambda$startContainers$5(TestcontainersExtension.java:82)
	at java.base/java.util.ArrayList.forEach(ArrayList.java:1604)
	at org.testcontainers.junit.jupiter.TestcontainersExtension.startContainers(TestcontainersExtension.java:82)
	at org.testcontainers.junit.jupiter.TestcontainersExtension.beforeAll(TestcontainersExtension.java:56)
	at java.base/java.util.ArrayList.forEach(ArrayList.java:1604)
Caused by: com.github.dockerjava.api.exception.BadRequestException: Status 400: {"message":"client version 1.32 is too old. Minimum supported API version is 1.40, please upgrade your client to a newer version"}

	at org.testcontainers.shaded.com.github.dockerjava.core.DefaultInvocationBuilder.execute(DefaultInvocationBuilder.java:237)
	at org.testcontainers.shaded.com.github.dockerjava.core.DefaultInvocationBuilder.get(DefaultInvocationBuilder.java:202)
	at org.testcontainers.shaded.com.github.dockerjava.core.DefaultInvocationBuilder.get(DefaultInvocationBuilder.java:74)
	at org.testcontainers.shaded.com.github.dockerjava.core.exec.InspectImageCmdExec.execute(InspectImageCmdExec.java:28)
	at org.testcontainers.shaded.com.github.dockerjava.core.exec.InspectImageCmdExec.execute(InspectImageCmdExec.java:13)
	at org.testcontainers.shaded.com.github.dockerjava.core.exec.AbstrSyncDockerCmdExec.exec(AbstrSyncDockerCmdExec.java:21)
	at org.testcontainers.shaded.com.github.dockerjava.core.command.AbstrDockerCmd.exec(AbstrDockerCmd.java:33)
	at org.testcontainers.shaded.com.github.dockerjava.core.command.InspectImageCmdImpl.exec(InspectImageCmdImpl.java:39)
	at org.testcontainers.images.LocalImagesCache.refreshCache(LocalImagesCache.java:42)
	at org.testcontainers.images.AbstractImagePullPolicy.shouldPull(AbstractImagePullPolicy.java:24)
	at org.testcontainers.images.RemoteDockerImage.resolve(RemoteDockerImage.java:75)
	at org.testcontainers.images.RemoteDockerImage.resolve(RemoteDockerImage.java:33)
	at org.testcontainers.utility.LazyFuture.getResolvedValue(LazyFuture.java:20)
	at org.testcontainers.utility.LazyFuture.get(LazyFuture.java:41)
	at org.testcontainers.containers.GenericContainer.getDockerImageName(GenericContainer.java:1362)
	... 16 more
]]></error>
    <system-out><![CDATA[11:49:22.149 [main] INFO org.testcontainers.images.PullPolicy -- Image pull policy will be performed by: DefaultPullPolicy()
11:49:22.152 [main] INFO org.testcontainers.utility.ImageNameSubstitutor -- Image name substitution will be performed by: DefaultImageNameSubstitutor (composite of 'ConfigurationFileImageNameSubstitutor' and 'PrefixingImageNameSubstitutor')
11:49:22.662 [main] INFO org.testcontainers.dockerclient.DockerClientProviderStrategy -- Found Docker environment with local Unix socket (unix:///var/run/docker.sock)
11:49:22.674 [main] INFO org.testcontainers.DockerClientFactory -- Docker host IP address is localhost
11:49:22.688 [main] INFO org.testcontainers.DockerClientFactory -- Connected to docker: 
  Server Version: 29.3.1
  API Version: 1.54
  Operating System: Docker Desktop
  Total Memory: 3918 MB
11:49:25.707 [main] INFO org.springframework.test.context.support.AnnotationConfigContextLoaderUtils -- Could not detect default configuration classes for test class [com.ors.testing.user.UserApiIntegrationTest]: UserApiIntegrationTest does not declare any static, non-private, non-final, nested classes annotated with @Configuration.
11:49:25.847 [main] INFO org.springframework.boot.test.context.SpringBootTestContextBootstrapper -- Found @SpringBootConfiguration com.ors.testing.ReservationTestingApplication for test class com.ors.testing.user.UserApiIntegrationTest
]]></system-out>
  </testcase>
</testsuite>